[RUN #0 5 100]
298 850 -176 53 -308
-820 755 433 717 97
763 -704 -131 -849 -749
-347 -537 6 -994 -156
380 -714 -892 532 548
-219 162 -283 42 859
689 -398 -302 493 747
670 343 -534 -236 -722
471 645 -96 686 369
86 57 696 36 840
99 939 931 -643 754
837 -659 -312 -150 -22
-867 -92 165 582 691
[RUN #1 5 10]
549 -553 -923 907 73
866 -12 -846 477 482
894 -448 -133 -168 -61
-387 -819 -998 577 919
-608 86 -988 -568 -468
481 -244 -341 900 -460
399 708 -34 -537 -270
180 -798 -559 -820 -628
454 920 -684 268 266
844 -428 -375 726 -688
[RUN #2 5 10]
-916 750 723 -178 -7
920 -924 -373 -613 172
-994 -833 114 -768 -662
926 -422 657 -494 -36
996 522 -49 695 956
-401 -118 451 972 -993
-945 -750 -333 -623 -883
-858 -11 -802 -291 -205
-918 162 -152 -268 83
-434 -529 -196 340 -144
[RUN #3 10 10]
-438 -712 -896 881 972 -881 -905 -890 673 -948
402 -696 -366 258 -723 -944 633 -566 725 38
-682 853 895 -905 726 734 29 -552 18 -315
-675 684 608 693 888 -46 947 -811 979 -185
568 -21 765 -416 450 -789 -517 996 112 594
409 763 -973 -58 -456 624 -637 -411 -355 224
546 -709 427 -495 279 579 -563 898 -387 37
442 613 -785 648 -604 837 -824 -987 -459 -744
-611 164 763 139 298 731 606 462 -126 501
-85 933 101 -67 275 412 -26 -436 55 -426
[RUN #4 12 10]
-881 -449 -349 803 -571 46 868 994 725 -662 296 -178
788 -350 -151 27 -551 702 908 -315 728 -260 -1000 -840
341 -269 51 709 -603 -324 711 362 -317 -483 -809 518
-690 -470 813 646 121 -619 -378 761 914 760 751 -39
249 906 928 61 672 676 -717 -954 -539 -519 -686 -621
798 -683 -114 -963 -429 923 -269 980 -291 -536 366 -453
-256 -122 766 -650 -200 -875 952 878 -903 -213 -212 -84
280 888 -876 -159 -415 819 63 -256 54 -922 -827 -447
-506 -626 -916 -754 757 -566 428 -622 179 733 -758 374
-609 873 280 188 -259 -741 -545 -301 -819 61 -750 560
[RUN #5 5 10]
942 -132 -956 -227 965
617 -616 815 -376 428
-951 -272 -354 658 -358
557 -40 -857 203 88
-258 770 608 619 -594
-72 -286 -160 -45 -720
510 -816 -614 689 975
-405 900 885 653 515
-191 -916 592 501 -57
736 132 212 -241 60
[RUN #6 5 10]
-129 -780 -594 -838 511
164 149 -901 -650 446
-415 -800 718 -553 -220
-475 -742 -37 860 -84
784 636 -400 890 -299
-951 -974 -147 125 0
-114 -235 -721 745 270
-128 171 78 -601 -516
577 -169 930 142 -35
87 162 -367 -790 201
[RUN #7 5 100]
159 451 828 -653 319
-463 -542 914 -391 -483
-701 19 -846 890 404
-990 777 -381 59 -341
-109 -626 774 -15 10
755 -360 -52 759 -767
-503 769 -398 -315 951
-879 -410 -167 488 -765
257 738 620 302 -365
405 -284 -140 -474 -417
-112 -528 991 177 -491
4 349 -364 -487 -405
-227 -767 976 827 -573
772 -38 -425 -665 -495
426 207 -142 -748 -802
519 216 -558 -321 -269
245 -340 102 298 690
992 545 -755 -360 -475
503 981 402 -682 300
-517 -985 -61 931 -292
-847 -344 -999 -247 234
-571 709 -376 -43 992
-248 708 -952 -657 -404
-185 878 -655 914 800
928 -787 566 -380 -570
-935 166 -738 -865 600
783 -961 950 -585 -817
-149 399 -101 865 839
922 -404 842 506 229
-55 -392 451 -878 519
871 186 -332 -927 -52
825 718 -725 701 406
-393 948 -40 -719 893
171 -62 146 -137 -935
935 -806 678 -719 -908
-393 702 226 254 89
-230 496 -201 -484 -695
-938 961 -848 333 960
461 991 -874 -109 -971
407 581 -431 -780 -446
379 -754 337 -182 630
376 858 727 514 -433
533 -234 732 -25 -37
90 -673 278 -618 687
867 -161 395 -164 733
376 -528 127 -356 179
-862 -445 -919 -63 628
800 617 -843 -772 351
841 -672 467 -107 121
-426 -787 -4 -644 54
973 288 383 -892 -209
142 567 387 -8 -526
-192 -584 -582 -42 -102
76 -148 -761 -433 943
589 519 -593 -304 -678
-740 987 947 -866 -555
-508 -525 -257 -889 -857
0 293 209 -989 651
-666 -735 252 18 951
941 714 -86 934 843
-806 832 656 402 284
-432 -695 -859 -362 88
-605 -175 -607 -586 976
184 623 -987 -816 402
312 -529 -223 943 39
151 357 919 -242 -381
-775 -480 -355 358 392
